[debug] [2023-12-29T19:13:48.709Z] ----------------------------------------------------------------------
[debug] [2023-12-29T19:13:48.711Z] Command:       /usr/local/bin/node /usr/local/bin/firebase deploy
[debug] [2023-12-29T19:13:48.711Z] CLI Version:   13.0.1
[debug] [2023-12-29T19:13:48.712Z] Platform:      darwin
[debug] [2023-12-29T19:13:48.712Z] Node Version:  v18.13.0
[debug] [2023-12-29T19:13:48.713Z] Time:          Fri Dec 29 2023 19:13:48 GMT+0000 (Greenwich Mean Time)
[debug] [2023-12-29T19:13:48.714Z] ----------------------------------------------------------------------
[debug] 
[debug] [2023-12-29T19:13:48.717Z] >>> [apiv2][query] GET https://firebase-public.firebaseio.com/cli.json [none]
[debug] [2023-12-29T19:13:49.079Z] > command requires scopes: ["email","openid","https://www.googleapis.com/auth/cloudplatformprojects.readonly","https://www.googleapis.com/auth/firebase","https://www.googleapis.com/auth/cloud-platform"]
[debug] [2023-12-29T19:13:49.080Z] > authorizing via signed-in user (ashokiptv@gmail.com)
[debug] [2023-12-29T19:13:49.080Z] [iam] checking project rokurest-c63dd for permissions ["firebase.projects.get","firebasehosting.sites.update"]
[debug] [2023-12-29T19:13:49.081Z] > refreshing access token with scopes: []
[debug] [2023-12-29T19:13:49.082Z] >>> [apiv2][query] POST https://www.googleapis.com/oauth2/v3/token [none]
[debug] [2023-12-29T19:13:49.082Z] >>> [apiv2][body] POST https://www.googleapis.com/oauth2/v3/token [omitted]
[debug] [2023-12-29T19:13:49.286Z] <<< [apiv2][status] POST https://www.googleapis.com/oauth2/v3/token 400
[debug] [2023-12-29T19:13:49.287Z] <<< [apiv2][body] POST https://www.googleapis.com/oauth2/v3/token [omitted]
[debug] [2023-12-29T19:13:49.287Z] >>> [apiv2][query] POST https://cloudresourcemanager.googleapis.com/v1/projects/rokurest-c63dd:testIamPermissions [none]
[debug] [2023-12-29T19:13:49.287Z] >>> [apiv2][(partial)header] POST https://cloudresourcemanager.googleapis.com/v1/projects/rokurest-c63dd:testIamPermissions x-goog-quota-user=projects/rokurest-c63dd
[debug] [2023-12-29T19:13:49.287Z] >>> [apiv2][body] POST https://cloudresourcemanager.googleapis.com/v1/projects/rokurest-c63dd:testIamPermissions {"permissions":["firebase.projects.get","firebasehosting.sites.update"]}
[debug] [2023-12-29T19:13:49.342Z] <<< [apiv2][status] GET https://firebase-public.firebaseio.com/cli.json 200
[debug] [2023-12-29T19:13:49.342Z] <<< [apiv2][body] GET https://firebase-public.firebaseio.com/cli.json {"cloudBuildErrorAfter":1594252800000,"cloudBuildWarnAfter":1590019200000,"defaultNode10After":1594252800000,"minVersion":"3.0.5","node8DeploysDisabledAfter":1613390400000,"node8RuntimeDisabledAfter":1615809600000,"node8WarnAfter":1600128000000}
[debug] [2023-12-29T19:13:50.006Z] <<< [apiv2][status] POST https://cloudresourcemanager.googleapis.com/v1/projects/rokurest-c63dd:testIamPermissions 401
[debug] [2023-12-29T19:13:50.007Z] <<< [apiv2][body] POST https://cloudresourcemanager.googleapis.com/v1/projects/rokurest-c63dd:testIamPermissions {"error":{"code":401,"message":"Request had invalid authentication credentials. Expected OAuth 2 access token, login cookie or other valid authentication credential. See https://developers.google.com/identity/sign-in/web/devconsole-project.","status":"UNAUTHENTICATED","details":[{"@type":"type.googleapis.com/google.rpc.ErrorInfo","reason":"ACCESS_TOKEN_TYPE_UNSUPPORTED","metadata":{"method":"google.cloudresourcemanager.v1.Projects.TestIamPermissions","service":"cloudresourcemanager.googleapis.com"}}]}}
[debug] [2023-12-29T19:13:50.008Z] [iam] error while checking permissions, command may fail: FirebaseError: HTTP Error: 401, Request had invalid authentication credentials. Expected OAuth 2 access token, login cookie or other valid authentication credential. See https://developers.google.com/identity/sign-in/web/devconsole-project.
[debug] [2023-12-29T19:13:50.008Z] > refreshing access token with scopes: []
[debug] [2023-12-29T19:13:50.009Z] >>> [apiv2][query] POST https://www.googleapis.com/oauth2/v3/token [none]
[debug] [2023-12-29T19:13:50.010Z] >>> [apiv2][body] POST https://www.googleapis.com/oauth2/v3/token [omitted]
[debug] [2023-12-29T19:13:50.096Z] <<< [apiv2][status] POST https://www.googleapis.com/oauth2/v3/token 400
[debug] [2023-12-29T19:13:50.096Z] <<< [apiv2][body] POST https://www.googleapis.com/oauth2/v3/token [omitted]
[debug] [2023-12-29T19:13:50.099Z] >>> [apiv2][query] GET https://firebase.googleapis.com/v1beta1/projects/rokurest-c63dd [none]
[debug] [2023-12-29T19:13:50.174Z] <<< [apiv2][status] GET https://firebase.googleapis.com/v1beta1/projects/rokurest-c63dd 401
[debug] [2023-12-29T19:13:50.174Z] <<< [apiv2][body] GET https://firebase.googleapis.com/v1beta1/projects/rokurest-c63dd {"error":{"code":401,"message":"Request had invalid authentication credentials. Expected OAuth 2 access token, login cookie or other valid authentication credential. See https://developers.google.com/identity/sign-in/web/devconsole-project.","status":"UNAUTHENTICATED"}}
[debug] [2023-12-29T19:13:50.174Z] HTTP Error: 401, Request had invalid authentication credentials. Expected OAuth 2 access token, login cookie or other valid authentication credential. See https://developers.google.com/identity/sign-in/web/devconsole-project.
[error] 
[error] Error: Assertion failed: resolving hosting target of a site with no site name or target name. This should have caused an error earlier
